[2025-05-14 11:13:13] [RECEIVED] Enter the keycode:  [19 octets]
[2025-05-14 11:13:15] [SEND] 1234
 [5 octets]
[2025-05-14 11:13:15] [RECEIVED] Connection established, welcome
 [32 octets]
[2025-05-14 11:13:15] [RECEIVED] $>  [3 octets]
[2025-05-14 11:13:21] [SEND] shell
 [6 octets]
[2025-05-14 11:13:22] [SEND] ls
 [3 octets]
[2025-05-14 11:13:22] [RECEIVED] bin
bin.usr-is-merged
boot
cdrom
dev
etc
home
lib
lib.usr-is-merged
lib64
lost+found
media
mnt
opt
proc
root
run
sbin
sbin.usr-is-merged
snap
srv
swap.img
sys
tmp
usr
var
 [171 octets]
[2025-05-14 11:13:22] [RECEIVED] $>  [3 octets]
[2025-05-14 11:13:27] [SEND] exit
 [5 octets]
[2025-05-14 11:13:27] [RECEIVED] Command not found
 [18 octets]
[2025-05-14 11:13:27] [RECEIVED] $>  [3 octets]
